<?xml version="1.0" encoding="UTF-8"?>
<!-- Generated by org.testng.reporters.JUnitXMLReporter -->
<testsuite ignored="0" hostname="DESKTOP-KBNCSQI" failures="0" tests="3" name="testLogin" time="49.076" errors="0" timestamp="2024-03-08T04:04:25 IST">
  <testcase classname="com.entrata.test.TC_Entrata_Tests" name="testLogin" time="27.348"/>
  <testcase classname="com.entrata.test.TC_Entrata_Tests" name="scheduleDemoBillPay" time="9.295"/>
  <testcase classname="com.entrata.test.TC_Entrata_Tests" name="checkSolutionsOnPropertyPage" time="4.928"/>
</testsuite> <!-- testLogin -->
