<?xml version="1.0" encoding="UTF-8"?>
<testng-results ignored="0" total="3" passed="3" failed="0" skipped="0">
  <reporter-output>
  </reporter-output>
  <suite started-at="2024-03-08T04:03:36 IST" name="Suite" finished-at="2024-03-08T04:04:25 IST" duration-ms="49076">
    <groups>
    </groups>
    <test started-at="2024-03-08T04:03:36 IST" name="testLogin" finished-at="2024-03-08T04:04:25 IST" duration-ms="49076">
      <class name="com.entrata.test.TC_Entrata_Tests">
        <test-method is-config="true" signature="setUp()[pri:0, instance:com.entrata.test.TC_Entrata_Tests@6a192cfe]" started-at="2024-03-08T04:03:36 IST" name="setUp" finished-at="2024-03-08T04:03:42 IST" duration-ms="5853" status="PASS">
          <reporter-output>
          </reporter-output>
        </test-method> <!-- setUp -->
        <test-method signature="testLogin()[pri:1, instance:com.entrata.test.TC_Entrata_Tests@6a192cfe]" started-at="2024-03-08T04:03:42 IST" name="testLogin" description="Test Login feature of Entrata&#039;s website" finished-at="2024-03-08T04:04:09 IST" duration-ms="27348" status="PASS">
          <reporter-output>
          </reporter-output>
        </test-method> <!-- testLogin -->
        <test-method signature="scheduleDemoBillPay()[pri:2, instance:com.entrata.test.TC_Entrata_Tests@6a192cfe]" started-at="2024-03-08T04:04:09 IST" name="scheduleDemoBillPay" description="Fill the form to schedule the Demo for Bill Pay" finished-at="2024-03-08T04:04:18 IST" duration-ms="9295" status="PASS">
          <reporter-output>
          </reporter-output>
        </test-method> <!-- scheduleDemoBillPay -->
        <test-method signature="checkSolutionsOnPropertyPage()[pri:3, instance:com.entrata.test.TC_Entrata_Tests@6a192cfe]" started-at="2024-03-08T04:04:18 IST" name="checkSolutionsOnPropertyPage" description="Check Solutions for property page" finished-at="2024-03-08T04:04:23 IST" duration-ms="4928" status="PASS">
          <reporter-output>
          </reporter-output>
        </test-method> <!-- checkSolutionsOnPropertyPage -->
        <test-method is-config="true" signature="quit()[pri:0, instance:com.entrata.test.TC_Entrata_Tests@6a192cfe]" started-at="2024-03-08T04:04:23 IST" name="quit" finished-at="2024-03-08T04:04:25 IST" duration-ms="1536" status="PASS">
          <reporter-output>
          </reporter-output>
        </test-method> <!-- quit -->
      </class> <!-- com.entrata.test.TC_Entrata_Tests -->
    </test> <!-- testLogin -->
  </suite> <!-- Suite -->
</testng-results>
